<?xml version="1.0" encoding="UTF-8"?>
<!-- Generated by org.testng.reporters.JUnitReportReporter -->
<testsuite hostname="DESKTOP-OA4LPC7" failures="0" tests="1" name="com.google.qa.FirstTest" time="6.759" errors="0" timestamp="14 ene. 2023 17:50:59 GMT" skipped="0">
  <testcase classname="com.google.qa.FirstTest" name="f" time="6.759"/>
</testsuite> <!-- com.google.qa.FirstTest -->
